[0.006s] Invoking command in '/home/cyanide/anymal_ros2_ws/build/anymal_description': CMAKE_PREFIX_PATH=${CMAKE_PREFIX_PATH}:/opt/ros/humble /usr/bin/cmake --build /home/cyanide/anymal_ros2_ws/build/anymal_description -- -j12 -l12
[0.033s] Invoked command in '/home/cyanide/anymal_ros2_ws/build/anymal_description' returned '0': CMAKE_PREFIX_PATH=${CMAKE_PREFIX_PATH}:/opt/ros/humble /usr/bin/cmake --build /home/cyanide/anymal_ros2_ws/build/anymal_description -- -j12 -l12
[0.039s] Invoking command in '/home/cyanide/anymal_ros2_ws/build/anymal_description': CMAKE_PREFIX_PATH=${CMAKE_PREFIX_PATH}:/opt/ros/humble /usr/bin/cmake --install /home/cyanide/anymal_ros2_ws/build/anymal_description
[0.044s] -- Install configuration: ""
[0.044s] -- Execute custom install script
[0.045s] -- Up-to-date symlink: /home/cyanide/anymal_ros2_ws/install/anymal_description/share/anymal_description/launch/display.launch.py
[0.045s] -- Up-to-date symlink: /home/cyanide/anymal_ros2_ws/install/anymal_description/share/anymal_description/launch/gazebo.launch.py
[0.045s] -- Up-to-date symlink: /home/cyanide/anymal_ros2_ws/install/anymal_description/share/anymal_description/urdf/anymal.urdf.xacro
[0.045s] -- Up-to-date symlink: /home/cyanide/anymal_ros2_ws/install/anymal_description/share/anymal_description/config/anymal_controllers.yaml
[0.045s] -- Up-to-date symlink: /home/cyanide/anymal_ros2_ws/install/anymal_description/share/ament_index/resource_index/package_run_dependencies/anymal_description
[0.045s] -- Up-to-date symlink: /home/cyanide/anymal_ros2_ws/install/anymal_description/share/ament_index/resource_index/parent_prefix_path/anymal_description
[0.045s] -- Up-to-date symlink: /home/cyanide/anymal_ros2_ws/install/anymal_description/share/anymal_description/environment/ament_prefix_path.sh
[0.045s] -- Up-to-date symlink: /home/cyanide/anymal_ros2_ws/install/anymal_description/share/anymal_description/environment/ament_prefix_path.dsv
[0.046s] -- Up-to-date symlink: /home/cyanide/anymal_ros2_ws/install/anymal_description/share/anymal_description/environment/path.sh
[0.046s] -- Up-to-date symlink: /home/cyanide/anymal_ros2_ws/install/anymal_description/share/anymal_description/environment/path.dsv
[0.046s] -- Up-to-date symlink: /home/cyanide/anymal_ros2_ws/install/anymal_description/share/anymal_description/local_setup.bash
[0.046s] -- Up-to-date symlink: /home/cyanide/anymal_ros2_ws/install/anymal_description/share/anymal_description/local_setup.sh
[0.046s] -- Up-to-date symlink: /home/cyanide/anymal_ros2_ws/install/anymal_description/share/anymal_description/local_setup.zsh
[0.046s] -- Up-to-date symlink: /home/cyanide/anymal_ros2_ws/install/anymal_description/share/anymal_description/local_setup.dsv
[0.046s] -- Symlinking: /home/cyanide/anymal_ros2_ws/install/anymal_description/share/anymal_description/package.dsv
[0.052s] -- Up-to-date symlink: /home/cyanide/anymal_ros2_ws/install/anymal_description/share/ament_index/resource_index/packages/anymal_description
[0.052s] -- Up-to-date symlink: /home/cyanide/anymal_ros2_ws/install/anymal_description/share/anymal_description/cmake/anymal_descriptionConfig.cmake
[0.052s] -- Up-to-date symlink: /home/cyanide/anymal_ros2_ws/install/anymal_description/share/anymal_description/cmake/anymal_descriptionConfig-version.cmake
[0.053s] -- Up-to-date symlink: /home/cyanide/anymal_ros2_ws/install/anymal_description/share/anymal_description/package.xml
[0.054s] Invoked command in '/home/cyanide/anymal_ros2_ws/build/anymal_description' returned '0': CMAKE_PREFIX_PATH=${CMAKE_PREFIX_PATH}:/opt/ros/humble /usr/bin/cmake --install /home/cyanide/anymal_ros2_ws/build/anymal_description
