[0.030s] Invoking command in '/home/cyanide/anymal_ros2_ws/build/anymal_description': CMAKE_PREFIX_PATH=/opt/ros/humble /usr/bin/cmake /home/cyanide/anymal_ros2_ws/src/anymal_description -DAMENT_CMAKE_SYMLINK_INSTALL=1 -DCMAKE_INSTALL_PREFIX=/home/cyanide/anymal_ros2_ws/install/anymal_description
[0.067s] -- The C compiler identification is GNU 11.4.0
[0.105s] -- The CXX compiler identification is GNU 11.4.0
[0.110s] -- Detecting C compiler ABI info
[0.156s] -- Detecting C compiler ABI info - done
[0.161s] -- Check for working C compiler: /usr/bin/cc - skipped
[0.161s] -- Detecting C compile features
[0.161s] -- Detecting C compile features - done
[0.163s] -- Detecting CXX compiler ABI info
[0.217s] -- Detecting CXX compiler ABI info - done
[0.222s] -- Check for working CXX compiler: /usr/bin/c++ - skipped
[0.222s] -- Detecting CXX compile features
[0.222s] -- Detecting CXX compile features - done
[0.225s] -- Found ament_cmake: 1.3.11 (/opt/ros/humble/share/ament_cmake/cmake)
[0.318s] -- Found Python3: /usr/bin/python3 (found version "3.10.12") found components: Interpreter 
[0.358s] -- Override CMake install command with custom implementation using symlinks instead of copying resources
[0.379s] -- Found rclpy: 3.3.16 (/opt/ros/humble/share/rclpy/cmake)
[0.385s] [31mCMake Error at CMakeLists.txt:6 (find_package):
[0.385s]   By not providing "Findxacro.cmake" in CMAKE_MODULE_PATH this project has
[0.385s]   asked CMake to find a package configuration file provided by "xacro", but
[0.385s]   CMake did not find one.
[0.385s] 
[0.385s]   Could not find a package configuration file provided by "xacro" with any of
[0.385s]   the following names:
[0.385s] 
[0.385s]     xacroConfig.cmake
[0.385s]     xacro-config.cmake
[0.386s] 
[0.386s]   Add the installation prefix of "xacro" to CMAKE_PREFIX_PATH or set
[0.386s]   "xacro_DIR" to a directory containing one of the above files.  If "xacro"
[0.386s]   provides a separate development package or SDK, be sure it has been
[0.386s]   installed.
[0.386s] 
[0.386s] [0m
[0.386s] -- Configuring incomplete, errors occurred!
[0.386s] See also "/home/cyanide/anymal_ros2_ws/build/anymal_description/CMakeFiles/CMakeOutput.log".
[0.388s] Invoked command in '/home/cyanide/anymal_ros2_ws/build/anymal_description' returned '1': CMAKE_PREFIX_PATH=/opt/ros/humble /usr/bin/cmake /home/cyanide/anymal_ros2_ws/src/anymal_description -DAMENT_CMAKE_SYMLINK_INSTALL=1 -DCMAKE_INSTALL_PREFIX=/home/cyanide/anymal_ros2_ws/install/anymal_description
