-- Found ament_cmake: 1.3.11 (/opt/ros/humble/share/ament_cmake/cmake)
-- Override CMake install command with custom implementation using symlinks instead of copying resources
-- Found rclpy: 3.3.16 (/opt/ros/humble/share/rclpy/cmake)
-- Found xacro: 2.0.13 (/opt/ros/humble/share/xacro/cmake)
-- Configuring done
-- Generating done
-- Build files have been written to: /home/cyanide/anymal_ros2_ws/build/anymal_description
-- Install configuration: ""
-- Execute custom install script
-- Symlinking: /home/cyanide/anymal_ros2_ws/install/anymal_description/share/anymal_description/launch/display.launch.py
-- Symlinking: /home/cyanide/anymal_ros2_ws/install/anymal_description/share/anymal_description/launch/gazebo.launch.py
-- Symlinking: /home/cyanide/anymal_ros2_ws/install/anymal_description/share/anymal_description/urdf/anymal.urdf.xacro
-- Symlinking: /home/cyanide/anymal_ros2_ws/install/anymal_description/share/anymal_description/config/anymal_controllers.yaml
-- Symlinking: /home/cyanide/anymal_ros2_ws/install/anymal_description/share/ament_index/resource_index/package_run_dependencies/anymal_description
-- Symlinking: /home/cyanide/anymal_ros2_ws/install/anymal_description/share/ament_index/resource_index/parent_prefix_path/anymal_description
-- Symlinking: /home/cyanide/anymal_ros2_ws/install/anymal_description/share/anymal_description/environment/ament_prefix_path.sh
-- Symlinking: /home/cyanide/anymal_ros2_ws/install/anymal_description/share/anymal_description/environment/ament_prefix_path.dsv
-- Symlinking: /home/cyanide/anymal_ros2_ws/install/anymal_description/share/anymal_description/environment/path.sh
-- Symlinking: /home/cyanide/anymal_ros2_ws/install/anymal_description/share/anymal_description/environment/path.dsv
-- Symlinking: /home/cyanide/anymal_ros2_ws/install/anymal_description/share/anymal_description/local_setup.bash
-- Symlinking: /home/cyanide/anymal_ros2_ws/install/anymal_description/share/anymal_description/local_setup.sh
-- Symlinking: /home/cyanide/anymal_ros2_ws/install/anymal_description/share/anymal_description/local_setup.zsh
-- Symlinking: /home/cyanide/anymal_ros2_ws/install/anymal_description/share/anymal_description/local_setup.dsv
-- Symlinking: /home/cyanide/anymal_ros2_ws/install/anymal_description/share/anymal_description/package.dsv
-- Symlinking: /home/cyanide/anymal_ros2_ws/install/anymal_description/share/ament_index/resource_index/packages/anymal_description
-- Symlinking: /home/cyanide/anymal_ros2_ws/install/anymal_description/share/anymal_description/cmake/anymal_descriptionConfig.cmake
-- Symlinking: /home/cyanide/anymal_ros2_ws/install/anymal_description/share/anymal_description/cmake/anymal_descriptionConfig-version.cmake
-- Symlinking: /home/cyanide/anymal_ros2_ws/install/anymal_description/share/anymal_description/package.xml
