[0.006s] Invoking command in '/home/cyanide/anymal_ros2_ws/build/anymal_description': CMAKE_PREFIX_PATH=/opt/ros/humble /usr/bin/cmake /home/cyanide/anymal_ros2_ws/src/anymal_description -DAMENT_CMAKE_SYMLINK_INSTALL=1 -DCMAKE_INSTALL_PREFIX=/home/cyanide/anymal_ros2_ws/install/anymal_description
[0.014s] -- Found ament_cmake: 1.3.11 (/opt/ros/humble/share/ament_cmake/cmake)
[0.082s] -- Override CMake install command with custom implementation using symlinks instead of copying resources
[0.086s] -- Found rclpy: 3.3.16 (/opt/ros/humble/share/rclpy/cmake)
[0.086s] -- Found xacro: 2.0.13 (/opt/ros/humble/share/xacro/cmake)
[0.125s] -- Configuring done
[0.127s] -- Generating done
[0.128s] -- Build files have been written to: /home/cyanide/anymal_ros2_ws/build/anymal_description
[0.130s] Invoked command in '/home/cyanide/anymal_ros2_ws/build/anymal_description' returned '0': CMAKE_PREFIX_PATH=/opt/ros/humble /usr/bin/cmake /home/cyanide/anymal_ros2_ws/src/anymal_description -DAMENT_CMAKE_SYMLINK_INSTALL=1 -DCMAKE_INSTALL_PREFIX=/home/cyanide/anymal_ros2_ws/install/anymal_description
[0.131s] Invoking command in '/home/cyanide/anymal_ros2_ws/build/anymal_description': CMAKE_PREFIX_PATH=/opt/ros/humble /usr/bin/cmake --build /home/cyanide/anymal_ros2_ws/build/anymal_description -- -j12 -l12
[0.158s] Invoked command in '/home/cyanide/anymal_ros2_ws/build/anymal_description' returned '0': CMAKE_PREFIX_PATH=/opt/ros/humble /usr/bin/cmake --build /home/cyanide/anymal_ros2_ws/build/anymal_description -- -j12 -l12
[0.164s] Invoking command in '/home/cyanide/anymal_ros2_ws/build/anymal_description': CMAKE_PREFIX_PATH=/opt/ros/humble /usr/bin/cmake --install /home/cyanide/anymal_ros2_ws/build/anymal_description
[0.169s] -- Install configuration: ""
[0.169s] -- Execute custom install script
[0.169s] -- Symlinking: /home/cyanide/anymal_ros2_ws/install/anymal_description/share/anymal_description/launch/display.launch.py
[0.175s] -- Symlinking: /home/cyanide/anymal_ros2_ws/install/anymal_description/share/anymal_description/launch/gazebo.launch.py
[0.183s] -- Symlinking: /home/cyanide/anymal_ros2_ws/install/anymal_description/share/anymal_description/urdf/anymal.urdf.xacro
[0.189s] -- Symlinking: /home/cyanide/anymal_ros2_ws/install/anymal_description/share/anymal_description/config/anymal_controllers.yaml
[0.196s] -- Symlinking: /home/cyanide/anymal_ros2_ws/install/anymal_description/share/ament_index/resource_index/package_run_dependencies/anymal_description
[0.203s] -- Symlinking: /home/cyanide/anymal_ros2_ws/install/anymal_description/share/ament_index/resource_index/parent_prefix_path/anymal_description
[0.209s] -- Symlinking: /home/cyanide/anymal_ros2_ws/install/anymal_description/share/anymal_description/environment/ament_prefix_path.sh
[0.215s] -- Symlinking: /home/cyanide/anymal_ros2_ws/install/anymal_description/share/anymal_description/environment/ament_prefix_path.dsv
[0.221s] -- Symlinking: /home/cyanide/anymal_ros2_ws/install/anymal_description/share/anymal_description/environment/path.sh
[0.226s] -- Symlinking: /home/cyanide/anymal_ros2_ws/install/anymal_description/share/anymal_description/environment/path.dsv
[0.232s] -- Symlinking: /home/cyanide/anymal_ros2_ws/install/anymal_description/share/anymal_description/local_setup.bash
[0.238s] -- Symlinking: /home/cyanide/anymal_ros2_ws/install/anymal_description/share/anymal_description/local_setup.sh
[0.244s] -- Symlinking: /home/cyanide/anymal_ros2_ws/install/anymal_description/share/anymal_description/local_setup.zsh
[0.249s] -- Symlinking: /home/cyanide/anymal_ros2_ws/install/anymal_description/share/anymal_description/local_setup.dsv
[0.255s] -- Symlinking: /home/cyanide/anymal_ros2_ws/install/anymal_description/share/anymal_description/package.dsv
[0.261s] -- Symlinking: /home/cyanide/anymal_ros2_ws/install/anymal_description/share/ament_index/resource_index/packages/anymal_description
[0.266s] -- Symlinking: /home/cyanide/anymal_ros2_ws/install/anymal_description/share/anymal_description/cmake/anymal_descriptionConfig.cmake
[0.271s] -- Symlinking: /home/cyanide/anymal_ros2_ws/install/anymal_description/share/anymal_description/cmake/anymal_descriptionConfig-version.cmake
[0.277s] -- Symlinking: /home/cyanide/anymal_ros2_ws/install/anymal_description/share/anymal_description/package.xml
[0.284s] Invoked command in '/home/cyanide/anymal_ros2_ws/build/anymal_description' returned '0': CMAKE_PREFIX_PATH=/opt/ros/humble /usr/bin/cmake --install /home/cyanide/anymal_ros2_ws/build/anymal_description
